<?xml version="1.0" encoding="UTF-8"?>
<testsuite xmlns:xsi="http://www.w3.org/2001/XMLSchema-instance" xsi:noNamespaceSchemaLocation="https://maven.apache.org/surefire/maven-surefire-plugin/xsd/surefire-test-report-3.0.xsd" version="3.0" name="com.contactservice.ContactServiceTest" time="0.029" tests="15" errors="0" skipped="0" failures="0">
  <properties>
[...]
</properties>
  <testcase name="testDeleteContact" classname="com.contactservice.ContactServiceTest" time="0.004"/>
  <testcase name="testNonExistenceAfterDeletion" classname="com.contactservice.ContactServiceTest" time="0.002"/>
  <testcase name="testUpdateWithMultipleFieldErrors" classname="com.contactservice.ContactServiceTest" time="0.001"/>
  <testcase name="testDeleteNonExistentContact" classname="com.contactservice.ContactServiceTest" time="0.001"/>
  <testcase name="testAddContactWithEdgeCaseNames" classname="com.contactservice.ContactServiceTest" time="0.002"/>
  <testcase name="testUpdateInvalidFirstName" classname="com.contactservice.ContactServiceTest" time="0.001"/>
  <testcase name="testPartiallyValidUpdate" classname="com.contactservice.ContactServiceTest" time="0"/>
  <testcase name="addContactWithNullValues" classname="com.contactservice.ContactServiceTest" time="0.001"/>
  <testcase name="updateContactWithNullName" classname="com.contactservice.ContactServiceTest" time="0.001"/>
  <testcase name="testAddDuplicateContactId" classname="com.contactservice.ContactServiceTest" time="0.001"/>
  <testcase name="testUpdateContact" classname="com.contactservice.ContactServiceTest" time="0.003"/>
  <testcase name="testAddDuplicateContact" classname="com.contactservice.ContactServiceTest" time="0.001"/>
  <testcase name="testUpdateNonExistentContact" classname="com.contactservice.ContactServiceTest" time="0"/>
  <testcase name="testSequentialOperations" classname="com.contactservice.ContactServiceTest" time="0.001"/>
  <testcase name="testAddContact" classname="com.contactservice.ContactServiceTest" time="0.001"/>
</testsuite>